<?xml version="1.0" encoding="UTF-8"?>
<!-- Generated by org.testng.reporters.JUnitReportReporter -->
<testsuite hostname="DESKTOP-SUVTTLO" failures="0" tests="3" name="CrossBroswerParallelEcecution.Test2" time="5.358" errors="0" timestamp="2024-09-01T13:50:15 IST" skipped="0">
  <testcase classname="CrossBroswerParallelEcecution.Test2" name="primeViodeTest" time="1.751"/>
  <system-out/>
  <testcase classname="CrossBroswerParallelEcecution.Test2" name="primeViodeTest" time="1.382"/>
  <system-out/>
  <testcase classname="CrossBroswerParallelEcecution.Test2" name="primeViodeTest" time="2.225"/>
  <system-out/>
</testsuite> <!-- CrossBroswerParallelEcecution.Test2 -->
