<?xml version="1.0" encoding="UTF-8"?>
<!-- Generated by org.testng.reporters.JUnitReportReporter -->
<testsuite hostname="DESKTOP-SUVTTLO" failures="0" tests="2" name="ParallelExecution.Test3" time="0.012" errors="0" timestamp="2024-09-01T13:22:23 IST" skipped="0">
  <testcase classname="ParallelExecution.Test3" name="demo1" time="0.010"/>
  <system-out/>
  <testcase classname="ParallelExecution.Test3" name="demo2" time="0.002"/>
  <system-out/>
</testsuite> <!-- ParallelExecution.Test3 -->
