<?xml version="1.0" encoding="UTF-8"?>
<!-- Generated by org.testng.reporters.JUnitReportReporter -->
<testsuite hostname="DESKTOP-SUVTTLO" failures="0" tests="1" name="TestNGAnnotation.TestClass" time="0.005" errors="0" timestamp="2024-09-01T12:50:19 IST" skipped="0">
  <testcase classname="TestNGAnnotation.TestClass" name="testMethod" time="0.005"/>
  <system-out/>
</testsuite> <!-- TestNGAnnotation.TestClass -->
