<?xml version="1.0" encoding="UTF-8"?>
<!-- Generated by org.testng.reporters.JUnitReportReporter -->
<testsuite hostname="DESKTOP-SUVTTLO" failures="0" tests="1" name="TestNG.sampleTest" time="0.000" errors="0" timestamp="2024-08-28T16:07:30 IST" skipped="0">
  <testcase classname="TestNG.sampleTest" name="test" time="0.000"/>
  <system-out>
    <![CDATA[Holle World]]>
  </system-out>
</testsuite> <!-- TestNG.sampleTest -->
