<?xml version="1.0" encoding="UTF-8"?>
<!-- Generated by org.testng.reporters.JUnitReportReporter -->
<testsuite hostname="DESKTOP-SUVTTLO" failures="0" tests="3" name="CrossBroswerParallelEcecution.Test1" time="17.034" errors="0" timestamp="2024-09-01T13:50:15 IST" skipped="0">
  <testcase classname="CrossBroswerParallelEcecution.Test1" name="swiggyTest" time="5.583"/>
  <system-out/>
  <testcase classname="CrossBroswerParallelEcecution.Test1" name="swiggyTest" time="5.402"/>
  <system-out/>
  <testcase classname="CrossBroswerParallelEcecution.Test1" name="swiggyTest" time="6.049"/>
  <system-out/>
</testsuite> <!-- CrossBroswerParallelEcecution.Test1 -->
