<?xml version="1.0" encoding="UTF-8"?>
<!-- Generated by org.testng.reporters.JUnitReportReporter -->
<testsuite hostname="DESKTOP-SUVTTLO" failures="0" tests="7" name="TestNG.InvocationCount" time="0.012" errors="0" timestamp="2024-08-28T16:07:30 IST" skipped="0">
  <testcase classname="TestNG.InvocationCount" name="demo5" time="0.001"/>
  <system-out>
    <![CDATA[demo5]]>
  </system-out>
  <testcase classname="TestNG.InvocationCount" name="demo2" time="0.000"/>
  <system-out>
    <![CDATA[demo2]]>
  </system-out>
  <testcase classname="TestNG.InvocationCount" name="demo5" time="0.001"/>
  <system-out>
    <![CDATA[demo5]]>
  </system-out>
  <testcase classname="TestNG.InvocationCount" name="demo2" time="0.007"/>
  <system-out>
    <![CDATA[demo2]]>
  </system-out>
  <testcase classname="TestNG.InvocationCount" name="demo5" time="0.001"/>
  <system-out>
    <![CDATA[demo5]]>
  </system-out>
  <testcase classname="TestNG.InvocationCount" name="demo5" time="0.001"/>
  <system-out>
    <![CDATA[demo5]]>
  </system-out>
  <testcase classname="TestNG.InvocationCount" name="demo4" time="0.001"/>
  <system-out>
    <![CDATA[demo4]]>
  </system-out>
</testsuite> <!-- TestNG.InvocationCount -->
