<?xml version="1.0" encoding="UTF-8"?>
<!-- Generated by org.testng.reporters.JUnitReportReporter -->
<testsuite hostname="DESKTOP-SUVTTLO" failures="0" tests="7" name="TestNG.PrioritizeTests" time="0.025" errors="0" timestamp="2024-09-01T11:48:11 IST" skipped="0">
  <testcase classname="TestNG.PrioritizeTests" name="demo7" time="0.016"/>
  <system-out>
    <![CDATA[demo7]]>
  </system-out>
  <testcase classname="TestNG.PrioritizeTests" name="demo2" time="0.001"/>
  <system-out>
    <![CDATA[demo2]]>
  </system-out>
  <testcase classname="TestNG.PrioritizeTests" name="demo3" time="0.001"/>
  <system-out>
    <![CDATA[demo3]]>
  </system-out>
  <testcase classname="TestNG.PrioritizeTests" name="demo4" time="0.002"/>
  <system-out>
    <![CDATA[demo4]]>
  </system-out>
  <testcase classname="TestNG.PrioritizeTests" name="demo5" time="0.001"/>
  <system-out>
    <![CDATA[demo5]]>
  </system-out>
  <testcase classname="TestNG.PrioritizeTests" name="demo6" time="0.002"/>
  <system-out>
    <![CDATA[demo6]]>
  </system-out>
  <testcase classname="TestNG.PrioritizeTests" name="demo1" time="0.002"/>
  <system-out>
    <![CDATA[demo1]]>
  </system-out>
</testsuite> <!-- TestNG.PrioritizeTests -->
